<?xml version="1.0" encoding="UTF-8" ?>
<testsuite errors="0" failures="0" hostname="KI0158" name="AutomationRunner.AutomationRunner" skipped="0" tests="6" time="29.625" timestamp="2016-11-16T16:54:03">
  <properties>
[...]
</properties>
  <testcase classname="Scenario: Login successful" name="Given user navigates to Amazon" time="0.001" />
  <testcase classname="Scenario: Login successful" name="When I enter correct username and password" time="0.0" />
  <testcase classname="Scenario: Login successful" name="Then login should be successful" time="0.0" />
  <testcase classname="junit.framework.TestSuite" name="Scenario: Login successful" time="29.485" />
  <system-out><![CDATA[Feature: Some terse yet descriptive text of what is desired
  In order to realize a named business value
  As an explicit system actor
  I want to gain some beneficial outcome which furthers the goal
C:\Users\Sai\workspace\BDD\Properties\config.properties
C:\Users\Sai\workspace\BDD\Properties\config.properties
1
2
3
C:\Users\Sai\workspace\BDD\Properties\config.properties
1
2
3
C:\Users\Sai\workspace\BDD\Properties\config.properties
C:\Users\Sai\workspace\BDD\Properties\config.properties
1
2
3
C:\Users\Sai\workspace\BDD\Properties\config.properties
C:\Users\Sai\workspace\BDD\Properties\config.properties
1
2
3
C:\Users\Sai\workspace\BDD\Properties\config.properties
1
2
3

  Scenario: Login successful                   [90m# feature.feature:6[0m
    [32mGiven [0m[32muser navigates to Amazon[0m             [90m# stepdefinition.user_navigates_to_Amazon()[0m
    [32mWhen [0m[32mI enter correct username and password[0m [90m# stepdefinition.i_enter_correct_username_and_password()[0m
    [32mThen [0m[32mlogin should be successful[0m            [90m# stepdefinition.login_should_be_successful()[0m

1 Scenarios ([32m1 passed[0m)
3 Steps ([32m3 passed[0m)
0m29.473s

]]></system-out>
  <system-err><![CDATA[1479315244246	geckodriver	INFO	Listening on 127.0.0.1:37797
Nov 16, 2016 10:24:04 PM org.openqa.selenium.remote.ProtocolHandshake createSession
INFO: Attempting bi-dialect session, assuming Postel's Law holds true on the remote end
1479315244861	mozprofile::profile	INFO	Using profile path C:\Users\Sai\AppData\Local\Temp\rust_mozprofile.es7DhXOKSktG
1479315244863	geckodriver::marionette	INFO	Starting browser C:\Program Files (x86)\Mozilla Firefox\firefox.exe
1479315244868	geckodriver::marionette	INFO	Connecting to Marionette on localhost:51108
1479315246040	Marionette	INFO	Listening on port 51108
1479315251020	Marionette	INFO	startBrowser 393515c5-5db0-4db0-8616-16b7e3727786
Nov 16, 2016 10:24:11 PM org.openqa.selenium.remote.ProtocolHandshake createSession
INFO: Detected dialect: W3C
[Child 19108] WARNING: pipe error: 232: file c:/builds/moz2_slave/m-rel-w32-00000000000000000000/build/src/ipc/chromium/src/chrome/common/ipc_channel_win.cc, line 513
[Child 19108] ###!!! ABORT: Aborting on channel error.: file c:/builds/moz2_slave/m-rel-w32-00000000000000000000/build/src/ipc/glue/MessageChannel.cpp, line 2052
[NPAPI 15896] ###!!! ABORT: Aborting on channel error.: file c:/builds/moz2_slave/m-rel-w32-00000000000000000000/build/src/ipc/glue/MessageChannel.cpp, line 2052
Nov 16, 2016 10:24:33 PM org.openqa.selenium.os.UnixProcess destroy
SEVERE: Unable to kill process with PID 17176
]]></system-err>
</testsuite>
